################################################################################
Processing questions:   0%|                                                                                        | 0/16 [00:00<?, ?it/s]#######################################第2个#################################################
\待鉴别输入：
(0, '广告名称：巢之安凤凰清膏\n广告类别：冲饮食品\n涉嫌违法内容：第二个你知道吗我这么多年从来没有一次这样子过，我这次来月经我都不能给你们看，太恶心了，前天晚上我们有给膏姐发信息，姐妹你知道吗我很害怕，我这次来月经我很害怕，我是来月经之前前面七八天开始吃的，然后吃的第三天我的淘 宝数据开始回升，但这种回升你们肯定看不到，是我们后台的回升就是我们营业额各种方面，就是你们能量磁场的一个置换了来了，然后姐妹第二个我吃完八 天之后我来月经了，这次来月经我很害怕，你知道为什么吗？我的月经上面有很多很多很多就是那种你们能懂吗？我把它拉起来看了，就是它掉在我的卫生巾 上，我把它拉起来看了，因为很多而且很大块，每一次去换都有，我从来没有这样过，上面地方鲜血，就是那种红的嘛，前面一两天是那种黑的，然后第三天 它流出来很多那种红的，我拉起来看了一下好像有点像那种黏黏糊糊的，那种像那种薄血，你知道什么原因吗？是因为你太寒了，你每次都排不干净，那是你 常年累积的老成果，有点像套套上那种薄膜一样，其实就是什么，就是你每次没有排干净的经血加上你的你自己会一些体液么全出来了，所以你买回去吃的时 候你也发生这种，不要担心不要害怕你继续吃，排干净了就好了，基本上跟你说如果不是有大问题的人一个月就OK了，如果你体内真的是有那种很大的毛病的 基本上两个月就没有了，我真的从来没有这样过。每天去换都是这样子一块一块很多很多，量很足，我内心超满足，我觉得自己又干净又年轻回来了，我又活 回来了，好像我又年轻了。')

最终鉴别结果：
### 1. 产品名称：巢之安凤凰清膏

### 2. 产品类别：冲饮食品、医疗产品

### 3. 作用：改善月经状况、提升能量磁场、促进体内排出累积的经血

### 4. 关键词：月经、经血、体液、能量磁场、置换、销售数据回升、害怕、恶心、鲜血、黑色、红色、薄血、寒、累积的老成果、套套上薄膜、体液、干净、年轻、满足

### 最终结果：0（违法）

### 违法表现：
- 涉及疾病预防、治疗功能：广告中提到的“改善月经状况”、“提升能量磁场”、“促进体内排出累积的经血”等表述，涉及疾病预防、治疗功能。
- 含有表示功效、安全性的断言或保证：广告中提到的“改善月经状况”、“提升能量磁场”、“促进体内排出累积的经血”等表述，含有表示功效、安全性的断言 或保证。

### 违法依据：
- 《广告法》第十八条：保健食品广告不得涉及疾病预防、治疗功能。
- 《广告法》第十六条：医疗、药品、医疗器械广告不得含有表示功效、安全性的断言或者保证。
- 《食品安全法》第十六条：医疗、药品、医疗器械广告不得含有表示功效、安全性的断言或者保证。
- 《食品安全法》第十八条：保健食品广告不得涉及疾病预防、治疗功能。

### 详细分析：
1. **涉及疾病预防、治疗功能**：
   - 广告中提到的“改善月经状况”、“提升能量磁场”、“促进体内排出累积的经血”等表述，涉及疾病预防、治疗功能。根据《广告法》第十八条和《食品安全法》第十六条，这类表述是违法的。

2. **含有表示功效、安全性的断言或保证**：
   - 广告中提到的“改善月经状况”、“提升能量磁场”、“促进体内排出累积的经血”等表述，含有表示功效、安全性的断言或保证。根据《广告法》第十六条和《食品安全法》第十六条，这类表述是违法的。

综上所述，该广告内容违反了《广告法》和《食品安全法》的多项规定，涉及疾病预防、治疗功能以及含有表示功效、安全性的断言或保证的内容，因此判定 为违法。
################################################################################
Processing questions:   6%|█████                                                                           | 1/16 [00:11<02:50, 11.34s/it]#######################################第3个#################################################
\待鉴别输入：
(1, '广告名称：哲库林无糖蜂胶润喉糖\n广告类别：其他普通食品\n涉嫌违法内容：00:01:11 然后就是我们的这个啊蜂胶的一个润喉糖，我们的这个蜂胶大 家应该知道蜂胶是一个很厉害的一个针对啊我们的这个咽喉部分上呼吸道不好部分经常会发生的一些，呃不是不适，呃就是包包括溃疡啊，包括一些呃火火症 啊，各方面的那些不适，都可以通过蜂胶的去做一些缓解，因为本身蜂胶的杀的厉害，那个能力很强，大家应该知道，如果是更浓度的一个红胶蜂胶的这个， 呃，就是产品的话，就是那种滴滴管的一个蜂胶液的话，小瓶的都很贵很贵啊，因为蜂胶是在很多国家都是非常被认可的，用于这个地方咽喉上呼吸道去做有 疗效的一个产品，对它在欧洲的话也是属于叫做紫黄金，紫黄金啊，然后我们这个的话，它采的是就是就地采的是当地的欧洲的一个一个蜂胶，那么这里边的 话是达到了有30毫克，就是每一个。')

最终鉴别结果：
### 产品名称：哲库林无糖蜂胶润喉糖

### 产品类别：其他普通食品

### 作用：
1. 缓解咽喉部分上呼吸道的不适
2. 缓解溃疡
3. 缓解火火症（可能是指上火引起的症状）

### 关键词：蜂胶、润喉糖、咽喉、上呼吸道、溃疡、火火症、无糖、紫黄金、欧洲、30毫克、滴滴管、小瓶、贵、认可、疗效

### 最终结果：1（未违法）

### 违法表现：无

### 违法依据：

- 《广告法》第十六条：医疗、药品、医疗器械广告不得含有表示功效、安全性的断言或者保证的内容。哲库林无糖蜂胶润喉糖作为普通食品，其广告内容未 涉及疾病预防、治疗功能，未违反此条款。
- 《广告法》第十七条：除医疗、药品、医疗器械广告外，禁止其他任何广告涉及疾病治疗功能，并不得使用医疗用语或者易使推销的商品与药品、医疗器械 相混淆的用语。哲库林无糖蜂胶润喉糖广告中未涉及疾病治疗功能，未使用医疗用语，未违反此条款。
- 《食品安全法》第十八条：保健食品广告不得含有表示功效、安全性的断言或者保证的内容。哲库林无糖蜂胶润喉糖作为普通食品，不适用此条款。       
- 广告中对商品的性能、功能、产地、用途、质量、成分、价格、生产者、有效期限、允诺等或者对服务的内容、提供者、形式、质量、价格、允诺等有表示 的，应当准确、清楚、明白。哲库林无糖蜂胶润喉糖广告中对产品的功效描述清晰，未涉及虚假或引人误解的商业宣传，未违反此条款。
- 广告中不得损害竞争对手的商业信誉、商品声誉。哲库林无糖蜂胶润喉糖广告中未涉及竞争对手，未违反此条款。

综上所述，哲库林无糖蜂胶润喉糖的广告内容未违反《广告法》和《食品安全法》的相关规定，未发现违法表现。
################################################################################
Processing questions:  12%|██████████                                                                      | 2/16 [00:21<02:30, 10.78s/it]#######################################第4个#################################################
\待鉴别输入：
(2, '广告名称：CHALI茶里桂圆红枣茶\n广告类别：冲饮食品\n涉嫌违法内容：00：54：54 我跟大家讲我每一天都在喝它，我现在来大姨妈非常的规律，大家都知道我原来是个大姨妈非常不稳定的人啊，我们的我们一直在在喝，大家也知道就是就老粉都知道我天天在喝这个.... 嗯，之前来大姨妈要吃很多那个就止痛药什么的，然后她就是听我的话，然后呢就喝了差不多有一个月之后，然后她第二个月来大就是来大姨妈就没有吃止痛药了，对她就没有吃止痛药了，就是 但还是痛哈，痛还是痛，但没有像原来那样子说啊就是很难受啊什么就慢慢的就变好了，像宫寒的姐妹啊什么的话，大都可以去去去补一补你的像气血什么.... 我真的是我家是离不开这个，我每天都喝，我有时候宿醉，我就是我应酬啊什么，我喝完了酒，然后第二天醒来头疼啊，发晕啊，发虚啊，我都是喝的')   

最终鉴别结果：
### 产品信息提取结果：

1. **产品名称**：CHALI茶里桂圆红枣茶

2. **产品类别**：冲饮食品

3. **作用**：
   - 改善月经规律性
   - 减少月经期间对止痛药的依赖
   - 缓解宿醉后的不适，如头疼、发晕、发虚等症状
   - 补充气血，适合宫寒的姐妹

4. **关键词**：月经、止痛药、宿醉、头疼、发晕、发虚、气血补充、宫寒

### 法律分析：

根据提供的法律条文，以下是对该广告内容的法律分析：

1. **最终结果**：1（未违法）

2. **违法表现**：
   - 广告内容未涉及疾病预防或治疗功能，未违反《广告法》第十八条。
   - 广告内容未使用医疗用语或易使产品与药品、医疗器械混淆的用语，未违反《广告法》第十七条。
   - 广告内容未提及使用虚构、伪造或无法验证的科研成果，未违反《广告法》第二十八条第三项。
   - 广告内容未涉及表示功效、安全性的断言或保证，未违反《广告法》第十六条。
   - 广告内容未涉及酒类或诱导、怂恿饮酒的内容，未违反《广告法》第二十三条。
   - 广告内容未涉及使用国家机关或国家机关工作人员的名义或形象，未违反相关法律法规。
   - 广告内容未涉及损害竞争对手的商业信誉或商品声誉，未违反《广告法》第八条。
   - 广告内容未涉及未经审查的医疗、药品、医疗器械、保健食品广告，未违反《广告法》第四十六条。

### 结论：

根据上述分析，广告内容未违反《广告法》及《食品安全法》的相关规定，未发现违法表现。
################################################################################
Processing questions:  19%|███████████████                                                                 | 3/16 [00:31<02:13, 10.29s/it]#######################################第5个#################################################
\待鉴别输入：
(3, '广告名称：好望水薏米水\n广告类别：饮料\n涉嫌违法内容：00：33：50那这个的话就是你一打开就能喝，又可以帮你去帮你去消水肿，然后又可以帮你去帮你去除湿，去除湿气....')

最终鉴别结果：
### 产品名称：好望水薏米水

### 产品类别：饮料

### 作用：
- 帮助消水肿
- 去除湿气

### 关键词：消水肿、去除湿气、薏米水、饮料

### 最终结果：1（未违法）

### 违法表现：未发现涉及违法内容。

### 违法依据：
- 《广告法》第十六条：医疗、药品、医疗器械广告不得含有表示功效、安全性的断言或者保证，但本产品为普通饮料，不涉及医疗或药品广告。
- 《广告法》第十八条：保健食品广告不得含有表示功效、安全性的断言或者保证，但本产品为普通饮料，不涉及保健食品广告。
- 《广告法》第二十八条：广告不得以虚假或者引人误解的内容欺骗、误导消费者，本产品描述未涉及虚假或引人误解的内容。
- 《食品安全法》第十六条：医疗、药品、医疗器械广告不得含有表示功效、安全性的断言或者保证，但本产品为普通饮料，不涉及医疗或药品广告。       
- 《食品安全法》第十八条：保健食品广告不得含有表示功效、安全性的断言或者保证，但本产品为普通饮料，不涉及保健食品广告。

综上所述，根据提供的法律条文，输入内容未发现涉及违法内容。
################################################################################
Processing questions:  25%|████████████████████                                                            | 4/16 [00:38<01:46,  8.84s/it]#######################################第6个#################################################
\待鉴别输入：
(4, '广告名称：花姐八珍粉\n广告类别：冲饮食品\n涉嫌违法内容：00：02:29我的感受也是这个，我以前就是老是容易涨涨气气的，早饭不吃，中午饭也不 吃，然后到下午的时候才是我当天的第一顿饭，所以我经常容易涨涨气气的，然后我现在就是到饭点的话呢，就会正常饿，就是比较大的感受就是这个感受了 啊，所以话大家可以去看一下八珍粉，因为啥，因为八珍粉里边当中的话呢，它都是养护到咱们脾宝宝，胃宝宝的一些食材成分，所以像大家的话呢，都可以 放心，像山药啊，猴头菇啊这。\r\n00:07：13那么大家呢，如果说是脾宝胃宝比较差，脾宝胃宝比较虚，想要从根源上解决我们这个问题，今天可以去拍一下一号链接，来帮助我们去养护到脾宝胃宝健康看一下。脾宝胃宝它尤其是需要靠养的，因为我们吃那个西方的白片片的话，它只能治标不治本的嘛，对吧，大 部分我们脾饱胃饱差的人群，家里面应该没少那个白片片，每次出现问题吃一颗，每次出现问题吃一颗，但是你会反反复复的出现这两三年，这四五年还是会 反反复复的一直出现顶顶的，胀胀的，反某酸酸，反流的，然后话呢，还有就口腔有口气的，对吧，这些问题比较多，那么大家的话呢，可以从我们的东方方 面入手，看一下我们的八珍粉，八珍粉的话呢，他也用就是明朝陈时宫的古发八珍。陈职宫古人古方的啊，至今是有300年历史，像皇室成员，慈禧乾隆养护到脾宝胃宝健康喝的就是八珍啊。所以的话呢，也算是我们老祖宗传承的古方，专门针对于我们的脾宝胃宝健康方面的。\r\n00:09:28家里的小朋友如果说脾饱 胃饱比较差，运化能力比较弱，平时吃完饭之后容易积某某食，消什么化不太行，包括说的小朋友的话，如果说上大号比较费劲的，都是可以给他选择到就是 我们家一号链接八珍了。')

最终鉴别结果：
1. 产品名称：花姐八珍粉

2. 产品类别：冲饮食品

3. 作用：
   - 养护脾宝胃宝健康
   - 解决脾宝胃宝较差的问题
   - 改善消化不良、积食等症状
   - 帮助改善消化功能，特别是对于小朋友

4. 关键词：八珍粉、脾宝胃宝、养护、消化不良、积食、古方、陈时宫、历史、皇室成员、慈禧、乾隆、白片片、反酸、反流、口气

最终结果：1

违法表现：无

违法依据：根据提供的法律条文和输入内容，该产品描述中没有发现违反《广告法》和《食品安全法》的条款。广告内容准确地描述了产品的功能和作用，没 有涉及疾病预防、治疗功能，也没有使用虚假或引人误解的商业宣传。同时，广告内容未使用国家机关、国家机关工作人员的名义或形象，未含有表示功效、 安全性的断言或保证，未损害竞争对手的商业信誉、商品声誉，也未涉及未成年人的广告限制。因此，最终判断为未违法。
################################################################################
Processing questions:  31%|█████████████████████████                                                       | 5/16 [00:45<01:30,  8.19s/it]#######################################第7个#################################################
\待鉴别输入：
(5, '广告名称：希芸黑糖桂圆姜茶固体饮料\n广告类别：饮料\n涉嫌违法内容：0：49：30，黑糖姜茶的话，宝贝来主播给你介绍一下，如果说咱们是呃手脚 冰冷了，然后平常呢，如果说咱们是呃会痛经的宝贝呢，还有说咱们有时候咱们感觉到就是身体有点寒冷的宝贝，经常感冒的宝贝呢，都可以喝到这款黑糖姜 茶....所以说对于女孩子来说的话呢，补气补血就可以喝到我们这款黑糖姜茶....不仅是我们改善这个身体的呃就是不仅改善我们女生手脚冰冷的一个体质， 然后对于痛经效果方面也是非常非常明显的。如果说你们来姨妈了，哎，咱们那咱们就是肚子有点痛痛了怎么办呢？就可以在那个就可以泡一杯，泡一杯黑糖 姜糖就可以了....喝完之后你会感觉整个身体暖暖的，对而且你会感觉到肚肚没有那么痛了。对因为这款产品的话呢，我们自己都有在喝，主播每天直播的话 ，气血是有点不足的，但是你喝黑糖的话，你会感觉到整个身体宝贝们回流了，而且你会感觉到气血很充足哦.....')

最终鉴别结果：
1. 产品名称：希芸黑糖桂圆姜茶固体饮料
2. 产品类别：饮料
3. 作用：改善女生手脚冰冷、缓解痛经、增强气血
4. 关键词：黑糖姜茶、补气补血、手脚冰冷、痛经、改善体质、增强气血

最终结果：0
违法表现：该广告内容涉及疾病预防、治疗功能，具体表现为声称产品可以“改善女生手脚冰冷、缓解痛经、增强气血”，这些作用超出了普通饮料的宣传范畴 ，涉嫌违法。
违法依据：
- 《广告法》第十八条：保健食品广告不得含有涉及疾病预防、治疗功能的内容。
- 《食品安全法》第十八条：保健食品广告不得含有涉及疾病预防、治疗功能的内容。
################################################################################
Processing questions:  38%|██████████████████████████████                                                  | 6/16 [00:49<01:09,  6.95s/it]#######################################第8个#################################################
\待鉴别输入：
(6, '广告名称：迪巧小黄条液体钙\n广告类别：其他普通食品\n涉嫌违法内容：00:34:10  但是如果你是新手妈妈或者是家里的孩子有这种情况的话，我想问一下大家有没有孩子晚上睡觉容易抽的，容易抽一抽的，是这样是磨牙的，很多孩子睡觉都磨牙，但是妈妈不知道到底什么情况，对不对。还有一个起来一身 汗的，包括你家的孩子都上四五年级了，排队往前排，座位往前排，那说明什么？咱们这个按梯形来排，是不是这样排下来的？还有一个就是腿型xo型的，所 以今天钙的补给太关键了，是不是每一个妈妈在选择，是更多的妈妈都在选择，……00:49:25 所以呢，后天需要努力，后天努力可以占百分之30，也就是说空间如果你选的对，孩子真的是可以弯道超车，我非常骄傲的说，我小朋友现在都是在班里面。从矮到高排他都是排最后一个，两个都是，你可以看我的视频看看 我们毕业典礼，同班的都没他这样子，盖比的毕业典礼，为什么呢？因为我老婆很担心他们，像我嘛，每天让他吃钙，每天让他吃钙，吃的就是那个迪巧迪巧 ，为什么能够让我老婆安心的去选择呢？这也是很多妈妈我们都说为人父母才知父母不易，给孩子选择要不要精挑细选要的跟着大部分妈妈的选择不会有错') 

最终鉴别结果：
### 产品名称：迪巧小黄条液体钙

### 产品类别：其他普通食品、儿童营养补充品

### 作用：帮助儿童改善磨牙、夜汗、腿型等问题，促进儿童健康成长

### 关键词：钙补给、磨牙、夜汗、腿型xo型、孩子、新手妈妈、按梯形排、弯道超车、父母选择、毕业典礼

### 最终结果：1（未违法）

### 违法表现：未发现涉及违法表现。

### 违法依据：
- 未发现广告内容违反《广告法》的相关条款，特别是关于医疗、药品、医疗器械广告的限制。
- 广告中未涉及疾病预防、治疗功能，也未明示或暗示产品具有医疗作用。
- 广告内容未使用国家机关、国家机关工作人员的名义或形象。
- 广告中未对商品的性能、功能、质量等作虚假或引人误解的商业宣传。
- 广告中未损害竞争对手的商业信誉、商品声誉。
- 广告内容未涉及诱导、怂恿饮酒或宣传无节制饮酒的内容。
- 广告未利用不满十周岁的未成年人作为广告代言人。
- 广告未对升学、通过考试、获得学位学历或者合格证书作出保证性承诺。

综上所述，该广告内容符合《广告法》和《食品安全法》的相关规定，未发现违法情况。
################################################################################
Processing questions:  44%|███████████████████████████████████                                             | 7/16 [00:57<01:03,  7.10s/it]#######################################第9个#################################################
\待鉴别输入：
(7, '广告名称：五个女博士胶原蛋白肽维C饮\n广告类别：其他普通食品\n涉嫌违法内容：00：00：29今天所有的人买的你不是一瓶普普通通的胶原蛋白肽饮 ，你买的是目前国内中国销售第一名的胶原蛋白肽饮....01：00：54 看一下我们的同事们，我同事因为她是干电商的，这是我们一位同事干电商的，今年多少岁来着，32岁，女儿六岁了，看一下女儿，女儿六岁了，然后她就做电商，又要带娃，有时候每天晚上加班回去还要带娃呢，所以你看她是不是有点凹陷，我 有些比较严重，然法令纹比较严重，然后头发看起来也是比较有点有点稀疏，各方面都需要保养了。然后他是7月1号开始喝我们的2.0版本，你看现在是不是素颜，素颜，拿手摸一下，来看一下有没有粉底液，对对来手一下没有粉底吧吧，觉得是不是改变很大，非常不错吧。来看一下我们另外一位同事来，这位同事 今年38岁，女儿五岁了，她是从去年的五月份开始喝，她喝1.0版本，喝到2.0版本，之前是这样子的， 就是可以说是整个人变化非常的大，是不是整个人都都变得状态好了很多很多是素颜吗？素颜啊，宝贝们，所以女生想要素颜喝出好状态，这就是你的素颜心机水...')

最终鉴别结果：
### 响应格式：
1. 产品名称：五个女博士胶原蛋白肽维C饮
2. 产品类别：其他普通食品
3. 作用：改善皮肤状态，减少法令纹，改善头发稀疏，提升整体状态。
4. 关键词：胶原蛋白肽饮、销售第一、素颜、法令纹、头发稀疏、保养、2.0版本、1.0版本、状态改善、素颜心机水。

### 最终结果：0（违法）

### 违法表现：
1. **涉及疾病预防、治疗功能**：广告中提到的“改善皮肤状态，减少法令纹，改善头发稀疏，提升整体状态”可能被视为涉及疾病预防、治疗功能，尤其是在没有明确医学证据支持的情况下。这违反了《广告法》第十八条和《食品安全法》第十八条的规定，即保健食品广告不得涉及疾病预防、治疗功能。
2. **虚假或引人误解的商业宣传**：广告中提到的“销售第一”可能被视为虚假或引人误解的商业宣传，因为没有提供具体的销售数据或排名依据。这违反了《广告法》第二十八条的规定，即广告不得含有虚假或引人误解的内容。
3. **暗示医疗作用**：虽然产品类别为“其他普通食品”，但广告中提到的效果如“改善皮肤状态，减少法令纹，改善头发稀疏，提升整体状态”可能会被消费者误解为具有医疗作用，这违反了《广告法》第十六条的规定，即广告不得含有表示功效、安全性的断言或保证的内容。

### 违法依据：
- **《广告法》第十八条**：保健食品广告不得涉及疾病预防、治疗功能，且应当显著标明“本品不能代替药物”。
- **《广告法》第十六条**：医疗、药品、医疗器械广告不得含有表示功效、安全性的断言或者保证的内容，且药品广告的内容不得与国务院药品监督管理部 门批准的说明书不一致。
- **《广告法》第二十八条**：广告以虚假或者引人误解的内容欺骗、误导消费者的，构成虚假广告。
- **《食品安全法》第十八条**：保健食品广告不得涉及疾病预防、治疗功能，且应当显著标明“本品不能代替药物”。

综上所述，广告内容存在多处违法之处，涉及疾病预防、治疗功能的宣传，虚假或引人误解的商业宣传，以及可能误导消费者认为产品具有医疗作用的内容。 因此，最终结果为违法（0）。
################################################################################
Processing questions:  50%|████████████████████████████████████████                                        | 8/16 [01:08<01:07,  8.40s/it]#######################################第10个#################################################
\待鉴别输入：
(8, '广告名称：贝卡罗莱URD\n广告类别：其他普通食品\n涉嫌违法内容：00：17：55它真的能够让你越老越漂亮，这真的是一个能够让你越老越漂亮的产品 。姐妹我们就不看我，看表妹，表妹是有变化的，大家都认识她，今天没化妆，纯素颜，我阿妹跟着我吃AKJ吃到现在，你们看下，这真的是我，我可以发誓袄，而且你看我还抱着小孩，那个时候是刚好生完小孩，小孩还抱在手上还不会走，应该只有六个月，这是我21岁的照片，真的是我，真的，以前又黑又红，能 够看得出表妹去年又红，满脸痘，去年的表妹，表妹AKJ吃了有四个月左右，有四个月左右吧，四个月已经空瓶三瓶多了，中间有断过几天，反正大概四个月左右，姐妹你说没有变化是吧，宝贝我告诉你啊，那你真的是眼神不好，你知道为什么吗？表妹以前这里是断裂的，我跟大家讲一下表妹以前这里一根两根三根 都是断裂的，她以前脸上是凹陷的，以前脸上是凹陷的，表妹就是越来越年轻了，你们去看一下之前，她就是越来越年轻了。')

最终鉴别结果：
### 产品名称：贝卡罗莱URD

### 产品类别：其他普通食品

### 作用：改善皮肤状态、延缓衰老

### 关键词：越老越漂亮、护肤效果、年轻、改善皮肤、抗老、素颜、纯天然、空瓶、凹陷皮肤修复、皮肤断裂修复

### 最终结果：0（违法）

### 违法表现：
1. **声称具有医疗效果**：产品宣称“改善皮肤状态、延缓衰老”，这可能涉及疾病预防、治疗功能，违反了《广告法》第十八条和《食品安全法》第十八条。
2. **虚假或误导性宣传**：关键词“越老越漂亮”、“年轻”、“凹陷皮肤修复”、“皮肤断裂修复”等，可能对产品的实际效果进行了夸大宣传，构成虚假或误导性内容，违反了《广告法》第二十八条和《食品安全法》第二十八条。

### 违法依据：
- **《广告法》第十八条**：保健食品广告不得含有表示功效、安全性的断言或者保证，不得涉及疾病预防、治疗功能。
- **《食品安全法》第十八条**：保健食品广告不得含有表示功效、安全性的断言或者保证，不得涉及疾病预防、治疗功能。
- **《广告法》第二十八条**：广告以虚假或者引人误解的内容欺骗、误导消费者的，构成虚假广告。
- **《食品安全法》第二十八条**：广告以虚假或者引人误解的内容欺骗、误导消费者的，构成虚假广告。
################################################################################
Processing questions:  56%|█████████████████████████████████████████████                                   | 9/16 [01:15<00:57,  8.16s/it]#######################################第11个#################################################
\待鉴别输入：
(9, '广告名称：反重力胶囊\n广告类别：其他普通食品\n涉嫌违法内容：00：57：31然后她又买了又坚持吃，她跟我说吃完特别有用，她老公先发现的，说她的脸就好像回到了21岁她们俩刚认识的时候，然后说她全身也特别紧，全身上下紧紧的，我说真的假的，他送了我一瓶，我吃了，我跟你说太有用了，真的。 其实吃第一瓶的时候我还没有觉得那么明显，因为吃那个时候是二二年嘛，你们有没有人跟我，呃，二二年看过我直播的有不？因为二二年的时候我是晚上直 播到半夜两点半，直播特别久，播到两点半，然后到家，因为我是在公司直播，到家是三点，洗完澡呀，吃个饭呀，玩一会儿啊，都早上六点才睡觉，12点起 来又直播，你想我34岁，每天早上六点睡觉，就睡六个小时，我脸特黄，就是那个反重力胶囊嘛，咱们这不有吃过的吗？然后呢，我吃完第一瓶，我就觉得还 好吧，就好像心理心理作用啊，脸没那么黄了。01：00：10然后但是我吃完第二瓶，我一点不夸张，每一个进来我直播间都问我是不是镀了什么幼胎脸了，度 了什么轮廓固定了，度了什么什么什么少女什么玩意儿的，说我的脸变化巨大。')

最终鉴别结果：
根据提供的直播对话内容，我对其中的关键信息和关键词进行了提取和分析，并结合《广告法》和《食品安全法》的相关规定，对内容的合法性进行了评估。 以下是分析结果：

### 产品信息提取

1. **产品名称**：反重力胶囊
2. **产品类别**：其他普通食品
3. **作用**：
   - 改善面部状态，使皮肤看起来年轻，仿佛回到了21岁。
   - 提升全身紧致度，使身体感觉更加紧实。
   - 改善睡眠质量和精神状态，缓解疲劳。
4. **关键词**：反重力胶囊、其他普通食品、面部年轻化、全身紧致、心理作用、镀了幼胎脸、轮廓固定、少女感、巨大变化。

### 法律分析

根据《广告法》和《食品安全法》的相关规定，以下是对内容的合法性评估：

#### 1. 涉及疾病预防、治疗功能
- **问题描述**：广告中提到的“改善面部状态”、“提升全身紧致度”、“改善睡眠质量和精神状态”等功能表述，可能被解读为具有治疗或预防疾病的效果。   
- **违法依据**：
  - 《广告法》第十八条：保健食品广告不得涉及疾病预防、治疗功能。
  - 《食品安全法》第十八条：保健食品广告不得涉及疾病预防、治疗功能。

#### 2. 表示功效、安全性的断言或保证
- **问题描述**：广告中使用了“仿佛回到了21岁”、“巨大变化”等表述，这些表述可能被视为对产品功效的断言或保证。
- **违法依据**：
  - 《广告法》第十六条：广告不得含有表示功效、安全性的断言或者保证。
  - 《食品安全法》第十六条：广告不得含有表示功效、安全性的断言或者保证。

#### 3. 虚假或引人误解的商业宣传
- **问题描述**：广告中提到的“镀了幼胎脸”、“轮廓固定”、“少女感”等表述，可能被视为对产品效果的虚假或引人误解的商业宣传。
- **违法依据**：
  - 《广告法》第二十八条：广告以虚假或者引人误解的内容欺骗、误导消费者，构成虚假广告。

### 最终结果

1. **最终结果**：0（违法）
2. **违法表现**：
   - 涉及疾病预防、治疗功能。
   - 表示功效、安全性的断言或保证。
   - 虚假或引人误解的商业宣传。
3. **违法依据**：
   - 《广告法》第十八条、第十六条、第二十八条
   - 《食品安全法》第十八条、第十六条

综上所述，广告内容涉及疾病预防、治疗功能，表示功效、安全性的断言或保证，以及虚假或引人误解的商业宣传，违反了《广告法》和《食品安全法》的相 关规定。因此，最终结果为违法。
################################################################################
Processing questions:  62%|█████████████████████████████████████████████████▍                             | 10/16 [01:29<00:59,  9.90s/it]#######################################第12个#################################################
\待鉴别输入：
(10, '广告名称：瓜拉纳CLA共轭亚油酸甘油酯凝胶糖果\n广告类别：其他普通食品\n涉嫌违法内容：21：40我给你看一下，这个身材和颜值对人的冲击力有多大了。这个对身材的改变有多大了宝宝，来，先看一下这张照片，你自己看，一个四五十，一个20，啊，对不对，是的，这个是不是大妈，你自己说是的，是 不是大妈，是不是大娘。是不是是阿姨就看着很，是不是姐，对，肯定是姐，是姐这个呢，小姐姐对小姑娘。小姑娘是不是美女也都没看到，就是美女。是吧 ，这个你看一下这个这个跟这个的改变有多大。腰真的太重要，是的，你这个腰你多多的，你那个腰一把一把的，别人你以为还在生二胎，因为你肚子里还有 一个宝宝。明白吗？这个的话起步要半年以上，好吧，这个起步要半年以上，我们的肚肚丸跟我们推，推完全部不需要运动，全部不需要节食，全部都不需要 ，你说这不吃饭那不吃的，你就早上吃三粒，午饭吃三粒，肚肚丸是专门搞你的上半身，上半身腿腿丸专攻你的下半身。对，知道吗？来，这个是我们肚肚丸 的一个效果，来继续真实啊，你真实案例可见效了，你们真的有用，真的有用啊。来继续。\r\n看好了。')

最终鉴别结果：
根据提供的直播对话文本和相关法律法规，以下是分析结果：

1. **最终结果**：0（违法）。

2. **违法表现**：
   - 产品类别涉及医疗效果，暗示了医疗功能。
   - 作用中提到减肥、改善身材，可能涉及夸大产品效果。
   - 关键词中包含“效果”、“真实案例”，可能暗示或保证了产品的实际效果，违反了《广告法》和《食品安全法》的相关条款。

3. **违法依据**：
   - 根据《广告法》第十六条，医疗、药品、医疗器械广告不得含有表示功效、安全性的断言或者保证的内容。本案例中，产品类别涉及医疗效果，且作用中提到减肥、改善身材，可能暗示了医疗功能。
   - 根据《广告法》第二十八条，广告以虚假或者引人误解的内容欺骗、误导消费者的，构成虚假广告。关键词中包含“效果”、“真实案例”，可能暗示或保证了产品的实际效果，这可能误导消费者。
   - 根据《食品安全法》，食品广告不得涉及疾病预防、治疗功能，不得含有表示功效、安全性的断言或者保证的内容。本案例中，产品类别涉及医疗效果，且作用中提到减肥、改善身材，可能暗示了医疗功能，违反了相关法律法规。

综上所述，输入内容中的产品介绍存在违反《广告法》和《食品安全法》相关规定的内容，因此最终结果为违法。
################################################################################
Processing questions:  69%|██████████████████████████████████████████████████████▎                        | 11/16 [01:38<00:47,  9.56s/it]#######################################第13个#################################################
\待鉴别输入：
(11, '广告名称：甘油二酯油凝胶糖果\n广告类别：其他普通食品\n涉嫌违法内容：00：39:腿腿丸的主要功效就是让你啊，首先你脂肪什么什么型的，一个那个腿再加上水肿型的，再加上是运动型的都有用，用血液，久坐久站的那个来姨妈那个堵啊干嘛的，坐姿不正确的，下巴内什肌全部有用，是的，全部有用， 水肿型的，肌肉型的，代型的全有用，三三管齐下。三管齐下啊，我再说一遍，它非常神奇，它不是说让你，哎，今天让你漂亮个多少，漂亮多少的数字，不 ，它是让你的腿部的线条，腿部的这个轮廓，腿部那种有些人的腿大，大腿像那个胡萝卜。像大腿像大象，小腿像萝卜，对不对对，很难看的，很弯的很弯的 ，然后呢，很fat的，然后一抓一把的，它的话会让你的腿部线条会变得流畅哇，好看动啊，纤什么细知道吗？然后呢，这个产品有人反馈一个月大腿大腿七天有一些小腿，包括你的屁股包臀部，好吧，超级有用，这就是你的天菜。来，不说了，姐妹们，你信我就拍，不信就拉倒，就这么简单。因为这个产品我们昨 天卖了多少？300家对不对，因为现在也只剩下300家，是的，我们总共666，总共666，你今天在直播间，你就今天拍好不好，你不要等到明天后天国庆再拍， 没货没货啊，是的，因为这腿腿丸很难得的啊。来，先给大家看一下，这叫做女神腿。好，那你们看一下脸都没看到，就看是个美女是不是来脸都没看到，你 看这身材，我的妈口水直流，口水直流，对不对？来，再给你看一下，姐妹们根本没有看到脸，根本没有看到脸，你看看这个腿，我的天呐，大长腿，性感腿 啊，然后再给大家看一下姐妹们啊，好不好？来，你看一下。\r\n好不好看？\r\n')

最终鉴别结果：
### 分析结果

1. **最终结果：0（违法）**。

2. **违法表现：**
   - 产品作用中涉及疾病预防、治疗功能。
   - 产品作用中涉及表示功效、安全性的断言或保证。
   - 广告中可能包含虚假或引人误解的内容。

3. **违法依据：**
   - **《广告法》第十八条**：保健食品广告不得含有表示功效、安全性的断言或者保证；不得涉及疾病预防、治疗功能。该产品虽然被归类为“其他普通食 品”，但其宣传的作用涉及到了改善腿部线条、减少脂肪、缓解水肿等，这些作用可能被视为具有预防或治疗功能。
   - **《广告法》第十六条**：医疗、药品、医疗器械广告不得含有表示功效、安全性的断言或者保证。虽然该产品被归类为普通食品，但广告中提及的“促 进血液循环”等作用可能被解读为具有医疗效果。
   - **《广告法》第二十八条**：广告以虚假或者引人误解的内容欺骗、误导消费者的，构成虚假广告。广告中提及的“女神腿”等效果可能过于夸张，且未提供科学依据，可能误导消费者。
   - **《食品安全法》第十八条**：保健食品广告不得含有表示功效、安全性的断言或者保证；不得涉及疾病预防、治疗功能。尽管产品被归类为普通食品，但其宣传的作用涉及到了改善腿部线条、减少脂肪、缓解水肿等，这些作用可能被视为具有预防或治疗功能。
   - **《食品安全法》第二十八条**：广告以虚假或者引人误解的内容欺骗、误导消费者的，构成虚假广告。广告中提及的“女神腿”等效果可能过于夸张，且未提供科学依据，可能误导消费者。

综上所述，该广告内容在多个方面违反了《广告法》和《食品安全法》的相关规定，特别是涉及疾病预防、治疗功能及虚假或误导性内容的宣传。
################################################################################
Processing questions:  75%|███████████████████████████████████████████████████████████▎                   | 12/16 [01:49<00:40, 10.06s/it]#######################################第14个#################################################
\待鉴别输入：
(12, '广告名称：初夏荷欧洲蓝莓浓缩粉固体饮料\n广告类别：冲饮食品\n涉嫌违法内容：00：37：25姐妹们啊，所有姐妹啊，所有姐妹眼干的，眼干眼涩眼 疲劳的，眼睛近某什么视的，白那个内的，然后呢，都可以去喝，包括你，包括你有一些姐妹环境很重的，经常熬夜的啊，环境很重的经常熬夜的，然后呢衰 某老很快的都可以，包括你有咽某喉某火的好吧，鼻某痘的啊，然后呢宝白周某王某火的，施某什么的，寻什么的，各种身体的火都可以，都可以。家里包括 有ABCD的人都可以，ABC的人都可以啊。包括有些姐妹有结的，有姐妹有V啊，非常有些姐妹啊，有那个结的。有这个的有那个的，有这个的有那个的啊，都可 以都可以宝宝啊，然后容易阿Q的，容易那个咳的都可以都可以啊，老人小孩免某不好的都可以，可以替代你的抗什么的效果好不好。这个花青素我告诉你是我们客单价智能高的，但是你想想看，我们卖这么多年好不好，我们卖这么多年。都要干嘛，都要买，像卖了这么多年，姐妹都要喊着要，就因为它太见效了， 太见效了，姐妹们好不好，蓝莓花青素没喝过的，我跟你讲，我跟你讲，有些人喝四年了，身体的ABCD都好多了，是的啊，有些人喝了四年了，皮肤身体的这 高那高那什么的都OK，很多了，都没问题。对，而且有些姐妹，包括眼睛有近某什么视的，喝了这么多年，眼睛的近什么。（主播在直播中比出了向下的手势 ）懂了吧，对的，然后包括眼睛很干的，眼睛也很涩的，我跟你讲，自从喝了花青素，我最近眼药水都不怎么滴了，无眼药水都没怎么滴了，我喝了这么多年 ，我的眼睛啊，我的眼睛是做了近视手术，做了三年了，做了三年了啊，做了三年了，然后我的眼睛依旧清亮，我的眼睛依旧的没有近视，我周一的时候我去 做了一下眼睛的复查，没有近视。没有近视。')

最终鉴别结果：
根据提供的直播对话内容，以下是提取的关键信息和关键词：

1. 产品名称：初夏荷欧洲蓝莓浓缩粉固体饮料

2. 产品类别：冲饮食品

3. 作用：
   - 缓解眼干、眼涩、眼疲劳
   - 改善视力问题（如近视）
   - 改善皮肤状况
   - 减少环境压力和熬夜带来的负面影响
   - 缓解咽痛、喉咙上火、鼻痘等症状
   - 可能对呼吸系统（如咳嗽）有好处
   - 改善身体火气（如咽喉火、鼻痘）
   - 可能替代抗炎药物的效果
   - 长期饮用有助于改善皮肤和身体状况
   - 有助于保持眼睛健康，尤其是对于已经进行过近视手术的人

4. 关键词：欧洲蓝莓浓缩粉、花青素、眼干、眼涩、眼疲劳、视力问题、皮肤状况、环境压力、熬夜、咽痛、喉咙上火、鼻痘、呼吸系统、咳嗽、身体火气、抗炎药物、长期饮用、眼睛健康、近视手术、复查、没有近视、客单价、见效快、效果显著、身体问题、皮肤问题、眼睛问题、健康改善、花青素效果、蓝莓 花青素、健康状况改善

### 分析与判断

根据《广告法》和《食品安全法》的相关规定，以下是对该直播内容的分析与判断：

1. 最终结果：0（违法）

2. 违法表现：
   - 涉及疾病预防、治疗功能：广告中提到“改善视力问题（如近视）”、“改善皮肤状况”、“缓解咽痛、喉咙上火、鼻痘等症状”、“可能对呼吸系统（如咳嗽 ）有好处”、“可能替代抗炎药物的效果”等，这些表述可能被解读为该产品具有疾病预防或治疗功能。
   - 明示或暗示产品具有医疗作用：广告中提及的多种健康改善效果可能被误解为具有医疗作用，如“有助于保持眼睛健康，尤其是对于已经进行过近视手术 的人”。
   - 虚假或引人误解的商业宣传：广告中使用了“见效快”、“效果显著”等表述，这些表述可能对消费者产生误导，因为没有具体证据支持这些效果。        

3. 违法依据：
   - 根据《广告法》第十六条，医疗、药品、医疗器械广告不得含有表示功效、安全性的断言或者保证，不得说明治愈率或者有效率，不得与其他药品、医疗器械的功效和安全性或者其他医疗机构比较，不得利用广告代言人作推荐、证明，法律、行政法规规定禁止的其他内容。
   - 根据《广告法》第十八条，保健食品广告不得含有表示功效、安全性的断言或者保证，不得涉及疾病预防、治疗功能，不得声称或者暗示广告商品为保障健康所必需，不得与药品、其他保健食品进行比较，不得利用广告代言人作推荐、证明，法律、行政法规规定禁止的其他内容。
   - 根据《广告法》第二十八条，广告以虚假或者引人误解的内容欺骗、误导消费者的，构成虚假广告。
   - 根据《食品安全法》第十八条，保健食品广告不得含有表示功效、安全性的断言或者保证，不得涉及疾病预防、治疗功能，不得声称或者暗示广告商品为保障健康所必需，不得与药品、其他保健食品进行比较，不得利用广告代言人作推荐、证明，法律、行政法规规定禁止的其他内容。
   - 根据《食品安全法》第二十八条，广告以虚假或者引人误解的内容欺骗、误导消费者的，构成虚假广告。

综上所述，该直播内容存在多处违反《广告法》和《食品安全法》规定的情形，涉及疾病预防、治疗功能，明示或暗示产品具有医疗作用，以及对产品效果进 行了虚假或引人误解的商业宣传。因此，最终结果为违法。
################################################################################
Processing questions:  81%|████████████████████████████████████████████████████████████████▏              | 13/16 [02:08<00:38, 12.86s/it]#######################################第15个#################################################
\待鉴别输入：
(13, '广告名称：lipoic acid白晶活性贵妇麦角硫因白番茄硫辛酸饮\n广告类别：饮料\n涉嫌违法内容：00：43：25知道吗？我跟你讲，这个白晶饮见效了，真的，我没有见过比它更见效的，没有比它，我没有见过比它更见效的。姐妹们，我们家这个白金饮，你只要买了它，你只要喝了它，你只要坚持去喝，每天 睡前三袋，每天睡前三袋，你喝完那效果你都不敢信，都不敢信，逆那个天，改那个命，回那个光，返那个照，真的你都不敢信，真的。宝贝们，它会让你白 成一道光，白成一道光，姐妹们。我们的白金饮我告诉你听好了，无论你什么原因造成的黑。天生黑，熬夜黑，晒黑，基因黑，暗黄黑，它会让你晒不黑，晒 不黄，晒不暗，它会可以三方面让你透亮，减少你的糖，减少你的氧，减少的光氧化。它是六边形战士，你明白六边形战士。你喝了它之后，我告诉你，你晒 气的时候就算一点点，很快就会白回来。')

最终鉴别结果：
### 响应格式：
1. 产品名称：白金饮
2. 产品类别：饮料
3. 作用：改善肤色，美白效果显著，减少糖、氧和光氧化对肌肤的影响。
4. 关键词：见效快、美白效果、逆天改命、白成一道光、天生黑、熬夜黑、晒黑、基因黑、暗黄黑、透亮、减少糖、减少氧、减少光氧化、六边形战士、晒气白回。

### 最终结果：0
### 违法表现：
- 涉及医疗作用：广告中提到的“改善肤色”、“美白效果显著”、“减少糖、氧和光氧化对肌肤的影响”等内容，暗示了产品具有治疗或预防作用，这违反了《广 告法》第十六条和《食品安全法》第十八条的规定。
- 虚假或引人误解的商业宣传：关键词“逆天改命”、“白成一道光”、“天生黑”、“熬夜黑”、“晒黑”、“基因黑”、“暗黄黑”、“六边形战士”、“晒气白回”等，可 能误导消费者对产品的实际效果产生不切实际的期望，违反了《广告法》第二十八条的规定。
- 夸大产品效果：广告中使用的“见效快”、“逆天改命”等夸大其词的表述，可能构成虚假广告，违反了《广告法》第二十八条。

### 违法依据：
- 《广告法》第十六条：医疗、药品、医疗器械广告不得含有表示功效、安全性的断言或者保证的内容，不得说明治愈率或者有效率，不得与其他药品、医疗 器械的功效和安全性或者其他医疗机构比较，不得利用广告代言人作推荐、证明，以及法律、行政法规规定禁止的其他内容。
- 《食品安全法》第十八条：保健食品广告不得含有表示功效、安全性的断言或者保证的内容，不得涉及疾病预防、治疗功能，不得声称或者暗示广告商品为 保障健康所必需，不得与药品、其他保健食品进行比较，不得利用广告代言人作推荐、证明，以及法律、行政法规规定禁止的其他内容。
- 《广告法》第二十八条：广告以虚假或者引人误解的内容欺骗、误导消费者的，构成虚假广告。广告有下列情形之一的，为虚假广告：商品或者服务不存在 的，商品的性能、功能、产地、用途、质量、规格、成分、价格、生产者、有效期限、销售状况、曾获荣誉等信息，或者服务的内容、提供者、形式、质量、 价格、销售状况、曾获荣誉等信息，以及与商品或者服务有关的允诺等信息与实际情况不符，对购买行为有实质性影响的，使用虚构、伪造或者无法验证的科 研成果、统计资料、调查结果、文摘、引用语等信息作证明材料的，虚构使用商品或者接受服务的效果的，以虚假或者引人误解的内容欺骗、误导消费者的其 他情形。
################################################################################
Processing questions:  88%|█████████████████████████████████████████████████████████████████████▏         | 14/16 [02:22<00:25, 12.95s/it]#######################################第16个#################################################
\待鉴别输入：
(14, '广告名称：概念180hgh反重力胶囊\n广告类别：其他普通食品\n涉嫌违法内容：40：35我给你看啊，因为你们每次看我的变化这么大，你都说肯定DO了 肯定DO了，我跟你讲近三年我都没动任何光电，因为你说热玛、超炮你去做没有任何的肌肤就提到这来，你全做一遍就知道了，因为你在三年前全都感受过了 ，所有光电我都做过，说实话一般都没啥用。我跟说这个妈妈是四年前我带她在那个塞班玩的时候，你看这个颈纹，注意她的法令纹从鼻翼到嘴角看到没，鱼 尾纹、抬头纹，眼皮也很松，这个是四年前噢，然后给你看看现在，就是五月六号，从过年开始大概吃了四五月吧，你看五月六号今年的噢，原相机没有美图 没有磨皮，你看看她现在六十了，你看这个法令纹短不短，颈纹、抬头纹、眼皮紧没紧你自己说，对比的看看噢宝宝，这个之前这个现在是不是就是这样。因 为很多人买了不相信，但是卖了两年来一直卖一直卖，不像别人什么火卖什么，因为卖不好，因为吃过的人发现没有用不再买了，咱为什么两年都不换，因为 真的是口碑大家都在回购。')

最终鉴别结果：
### 分析与判断

#### 产品名称：概念180hgh反重力胶囊
#### 产品类别：其他普通食品
#### 作用：改善肌肤状态，减少皱纹，提升皮肤紧致度
#### 关键词：反重力胶囊、热玛吉、超炮、光电、法令纹、颈纹、鱼尾纹、抬头纹、眼皮紧致、口碑回购、长期销售

### 最终结果：0（违法）

### 违法表现：
1. **表示功效、安全性的断言或者保证**：广告中提到“改善肌肤状态，减少皱纹，提升皮肤紧致度”，这些表述可能被视为对产品功效的断言或保证，违反了《广告法》第十六条和《食品安全法》第十八条的规定。
2. **涉及疾病预防、治疗功能**：尽管产品类别为“其他普通食品”，但广告中提到“减少皱纹，提升皮肤紧致度”等效果，可能会误导消费者认为该产品具有医疗效果，违反了《广告法》第十八条和《食品安全法》第十八条的规定。
3. **虚假或引人误解的商业宣传**：广告中提到的“热玛吉、超炮、光电”等专业美容设备或技术，可能使消费者误认为该产品与这些设备或技术有直接关联，从而产生误解，违反了《广告法》第二十八条的规定。

### 违法依据：
- **《广告法》第十六条**：医疗、药品、医疗器械广告不得含有表示功效、安全性的断言或者保证的内容。
- **《广告法》第十八条**：保健食品广告不得涉及疾病预防、治疗功能，且应当显著标明“本品不能代替药物”。
- **《广告法》第二十八条**：广告以虚假或者引人误解的内容欺骗、误导消费者的，构成虚假广告。
- **《食品安全法》第十八条**：保健食品广告不得含有表示功效、安全性的断言或者保证的内容，且不得涉及疾病预防、治疗功能。
################################################################################
Processing questions:  94%|██████████████████████████████████████████████████████████████████████████     | 15/16 [02:31<00:11, 11.88s/it]#######################################第17个#################################################
\待鉴别输入：
(15, '广告名称：MBB口腔喷雾\n广告类别：其他普通食品\n涉嫌违法内容：（02:59）  那像我们这款睡眠喷雾啊，因为它里面的成分给我们加的真的非常非 常好，我们不仅仅有褪黑素，我们还有酪蛋白水解肽，还有五大天然提取物，还有维生素B，包括还有我们八大困困因子啊。我们这个酪蛋白水解肽是我们法国专专的成分，从母乳里提取出来的，像我们小宝宝为什么在妈妈怀里睡得这么香甜啊，就是因为我们有这个酪蛋白水解肽在的。 还有我们五道天然提取物啊，它可以让我们心情放松下来，静下来，我们才会睡得着，是不是啊？是的呀，你可以去市面上看看那些睡眠产品啊，它里面成分真的真的只是给你叫褪黑素而 已，那只是为了让你睡得着，但是我们现在不仅仅要睡得着是不是啊，我们还要睡得快，睡得好，还要睡得持久和安稳，所以我们现在这个价格，这个福利真 的真的不要再错过了，我们直接去充就好了好不好？但主播说的再多，都不如你自己去拍一单试试看是不是是。所以我们，嗯，跟我们主播一样，我整宿整宿 睡不好觉的，包括我们经常入睡啊，非常困难的，我们睡眠质量比较差的，那作息不规律，我们睡得晚，醒的又早的有点动静，哎，咱们就醒了的第二天，我 们整个人的精神状态，包括我们的面部状态也会变得越来越差，而且我们的肤色啊，也会变得很差，是不是啊，就容易产生熬夜肌啊，包括脸上暗黄沉淀都会 变得越来越明显，那像白。 还有我们五道天然提取物啊，它可以让我们心情放松下来，静下来，我们才会睡得着，是不是啊？是的呀，你可以去市面上看看那些睡眠产品啊，它里面成分真的真的只是给你叫褪黑素而已，那只是为了让你睡得着，但是我们现在不仅仅要睡得着是不是啊，我们还要睡得快，睡得好，还 要睡得持久和安稳，所以我们现在这个价格，这个福利真的真的不要再错过了，我们直接去充就好了好不好？但主播说的再多，都不如你自己去拍一单试试看 是不是是。所以我们，嗯，跟我们主播一样，我整宿整宿睡不好觉的，包括我们经常入睡啊，非常困难的，我们睡眠质量比较差的，那作息不规律，我们睡得 晚，醒的又早的有点动静，哎，咱们就醒了的第二天，我们整个人的精神状态，包括我们的面部状态也会变得越来越差，而且我们的肤色啊，也会变得很差， 是不是啊，就容易产生熬夜肌啊，包括脸上暗黄沉淀都会变得越来越明显，那像白天咱们要上班上学。 像我们睡不着的家人们啊，包括我们还有经常要睡眠问题困扰的，那咱们天天睡不好觉，半夜醒来又想继续睡的，还睡不着，你还想要状态好，那我们真的真的需要去外源性的五和冲好不好需要对。而且我们这个 啊，就针对于那些我们入睡啊比较困难的，包括我们入睡比较慢的。 一躺在床上就爱翻来覆去的胡思乱想的家人们啊，因为他不用你等半个小时甚至一个小时，我们睡前在舌下喷两到五下，五分钟进入状态好不好，而且不依不赖。（01:24:05） 那这款睡眠喷雾我们没有某一某赖在我们舌下喷两到五下，五分钟可以进入状态好不好？因为我们里面成分真的可以非常给力又安全。')

最终鉴别结果：
1. 产品名称：MBB口腔喷雾

2. 产品类别：其他普通食品、睡眠辅助产品

3. 作用：改善睡眠质量，包括睡得快、睡得好、睡得持久和安稳。

4. 关键词：褪黑素、酪蛋白水解肽、五大天然提取物、维生素B、八大困困因子、法国专专成分、睡眠喷雾、睡眠产品、熬夜肌、面部状态、肤色、外源性、 入睡困难、睡前使用、舌下喷雾、快速进入睡眠状态

---

最终结果：1（未违法）

---

虽然产品含有“褪黑素”等成分，但根据广告法的规定，产品名称为“其他普通食品”，这意味着它不涉及药品或医疗器械广告，因此不违反《广告法》中关于医 疗、药品、医疗器械广告的限制条款。同时，广告中没有涉及疾病预防、治疗功能，没有明示或暗示产品具有医疗作用，也没有使用国家机关、国家机关工作 人员的名义或形象。广告内容也没有虚假或引人误解的商业宣传，没有损害竞争对手的商业信誉、商品声誉。因此，该广告未违反《广告法》的相关规定。   
################################################################################
Processing questions: 100%|███████████████████████████████████████████████████████████████████████████████| 16/16 [02:38<00:00,  9.88s/it]