#######################################第0个#################################################
待鉴别输入：
广告名称：巢之安凤凰清膏
广告类别：冲饮食品
涉嫌违法内容：第二个你知道吗我这么多年从来没有一次这样子过，我这次来月经我都不能给你们看，太恶心了，前天晚上我们有给膏姐发信息，姐妹你知道吗我很害怕，我这次来月经我很害怕，我是来月经之前前面七八天开始吃的，然后吃的第三天我的淘宝数据开始回升，但这种回升你们肯定看不到，是我们后台的回升就是我们营业额各种方面，就是你们能量磁场的一个置换了来了，然后姐妹第二个我吃完八天之后我来月经了，这次来月经我很害怕，你知道为什么吗？我的月经上面有很多很多很多就是那种你们能懂吗？我把它拉起来看了，就是它掉在我的卫生巾上，我把它拉起来看了，因为很多而且很大块，每一次去换都有，我从来没有这样过，上面地方鲜血，就是那种红的嘛，前面一两天是那种黑的，然后第三天它流出来很多那种红的，我拉起来看了一下好像有点像那种黏黏糊糊的，那种像那种薄血，你知道什么原因吗？是因为你太寒了，你每次都排不干净，那是你常年累积的老成果，有点像套套上那种薄膜一样，其实就是什么，就是你每次没有排干净的经血加上你的你自己会一些体液么全出来了，所以你买回去吃的时候你也发生这种，不要担心不要害怕你继续吃，排干净了就好了，基本上跟你说如果不是有大问题的人一个月就OK了，如果你体内真的是有那种很大的毛病的基本上两个月就没有了，我真的从来没有这样过。每天去换都是这样子一块一块很多很多，量很足，我内心超满足，我觉得自己又干净又年轻回来了，我又活回来了，好像我又年轻了。

最终鉴别结果：
1. 最终结果：0 

2. 违法表现： 
   - 该产品被宣传为能够改善女性的月经状况，包括增强月经的流量和清洁度，以及改善月经期间的体感舒适度。 
   - 该产品被描述为能够排出体内长期累积的经血和体液，从而达到一种所谓的“能量磁场”的置换效果，进而提升个人的能量状态和生理健康。 

3. 违法依据： 
   - 《广告法》第十六条：医疗、药品、医疗器械广告不得含有表示功效、安全性的断言或者保证的内容。 
   - 《广告法》第十七条：除医疗、药品、医疗器械广告外，禁止其他任何广告涉及疾病治疗功能，并不得使用医疗用语或者易使推销的商品与药品、医疗器械相混淆的用语。 
   - 《广告法》第十八条：保健食品广告不得含有表示功效、安全性的断言或者保证的内容。 
   - 《食品安全法》第十八条：保健食品广告不得含有表示功效、安全性的断言或者保证的内容。 
   - 《食品安全法》第十六条：医疗、药品、医疗器械广告不得含有表示功效、安全性的断言或者保证的内容。

当前违法数量为：
1
################################################################################
#######################################第1个#################################################
待鉴别输入：
广告名称：哲库林无糖蜂胶润喉糖
广告类别：其他普通食品
涉嫌违法内容：00:01:11 然后就是我们的这个啊蜂胶的一个润喉糖，我们的这个蜂胶大家应该知道蜂胶是一个很厉害的一个针对啊我们的这个咽喉部分上呼吸道不好部分经常会发生的一些，呃不是不适，呃就是包包括溃疡啊，包括一些呃火火症啊，各方面的那些不适，都可以通过蜂胶的去做一些缓解，因为本身蜂胶的杀的厉害，那个能力很强，大家应该知道，如果是更浓度的一个红胶蜂胶的这个，呃，就是产品的话，就是那种滴滴管的一个蜂胶液的话，小瓶的都很贵很贵啊，因为蜂胶是在很多国家都是非常被认可的，用于这个地方咽喉上呼吸道去做有疗效的一个产品，对它在欧洲的话也是属于叫做紫黄金，紫黄金啊，然后我们这个的话，它采的是就是就地采的是当地的欧洲的一个一个蜂胶，那么这里边的话是达到了有30毫克，就是每一个。

最终鉴别结果：
1. 最终结果：0

2. 违法表现：该产品宣传中提及了蜂胶成分具有很强的杀灭能力和治疗效果，特别适用于缓解因咽喉、上呼吸道问题引起的不适，可能涉及疾病预防、治疗功能。

3. 违法依据：
        - 《广告法》第十八条：保健食品广告不得含有涉及疾病预防、治疗功能的表述。
        - 《食品安全法》第十八条：保健食品广告不得含有涉及疾病预防、治疗功能的表述。
        - 《广告法》第十六条：医疗、药品、医疗器械广告不得含有涉及疾病预防、治疗功能的表述。
        - 《食品安全法》第十六条：医疗、药品、医疗器械广告不得含有涉及疾病预防、治疗功能的表述。

当前违法数量为：
2
################################################################################
#######################################第2个#################################################
待鉴别输入：
广告名称：CHALI茶里桂圆红枣茶
广告类别：冲饮食品
涉嫌违法内容：00：54：54 我跟大家讲我每一天都在喝它，我现在来大姨妈非常的规律，大家都知道我原来是个大姨妈非常不稳定的人啊，我们的我们一直在在喝，大家也知道就是就老粉都知道我天天在喝这个.... 嗯，之前来大姨妈要吃很多那个就止痛药什么的，然后她就是听我的话，然后呢就喝了差不多有一个月之后，然后她第二个月来大就是来大姨妈就没有吃止痛药了，对她就没有吃止痛药了，就是但还是痛哈，痛还是痛，但没有像原来那样子说啊就是很难受啊什么就慢慢的就变好了，像宫寒的姐妹啊什么的话，大都可以去去去补一补你的像气血什么.... 我真的是我家是离不开这个，我每天都喝，我有时候宿醉，我就是我应酬啊什么，我喝完了酒，然后第二天醒来头疼啊，发晕啊，发虚啊，我都是喝的

最终鉴别结果：
1. 最终结果：0

2. 违法表现：产品宣传涉及疾病治疗功能，声称能够帮助调节月经周期，减少月经不调带来的不适，如减少对止痛药的依赖，缓解痛经，改善宫寒状况，以及帮助补充气血。这些内容涉及疾病预防、治疗功能，并且使用了表示功效、安全性的断言或保证。

3. 违法依据：
   - 《广告法》第十六条：医疗、药品、医疗器械广告不得含有表示功效、安全性的断言或者保证的内容。
   - 《广告法》第十七条：除医疗、药品、医疗器械广告外，禁止其他任何广告涉及疾病治疗功能，并不得使用医疗用语或者易使推销的商品与药品、医疗器械相混淆的用语。
   - 《食品安全法》第十八条：保健食品广告不得涉及疾病预防、治疗功能，并不得有表示功效、安全性的断言或者保证的内容。

当前违法数量为：
3
################################################################################
#######################################第3个#################################################
待鉴别输入：
广告名称：好望水薏米水
广告类别：饮料
涉嫌违法内容：00：33：50那这个的话就是你一打开就能喝，又可以帮你去帮你去消水肿，然后又可以帮你去帮你去除湿，去除湿气....

最终鉴别结果：
1. 最终结果：1

2. 违法表现：无

3. 违法依据：无

当前违法数量为：
3
################################################################################
#######################################第4个#################################################
待鉴别输入：
广告名称：花姐八珍粉
广告类别：冲饮食品
涉嫌违法内容：00：02:29我的感受也是这个，我以前就是老是容易涨涨气气的，早饭不吃，中午饭也不吃，然后到下午的时候才是我当天的第一顿饭，所以我经常容易涨涨气气的，然后我现在就是到饭点的话呢，就会正常饿，就是比较大的感受就是这个感受了啊，所以话大家可以去看一下八珍粉，因为啥，因为八珍粉里边当中的话呢，它都是养护到咱们脾宝宝，胃宝宝的一些食材成分，所以像大家的话呢，都可以放心，像山药啊，猴头菇啊这。

00:07：13那么大家呢，如果说是脾宝胃宝比较差，脾宝胃宝比较虚，想要从根源上解决我们这个问题，今天可以去拍一下一号链接，来帮助我们去养护到脾宝胃宝健康看一下。脾宝胃宝它尤其是需要靠养的，因为我们吃那个西方的白片片的话，它只能治标不治本的嘛，对吧，大部分我们脾饱胃饱差的人群，家里面应该没少那个白片片，每次出现问题吃一颗，每次出现问题吃一颗，但是你会反反复复的出现这两三年，这四五年还是会反反复复的一直出现顶顶的，胀胀的，反某酸酸，反流的，然后话呢，还有就口腔有口气的，对吧，这些问题比较多，那么大家的话呢，可以从我们的东方方面入手，看一下我们的八珍粉，八珍粉的话呢，他也用就是明朝陈时宫的古发八珍。陈职宫古人古方的啊，至今是有300年历史，像皇室成员，慈禧乾隆养护到脾宝胃宝健康喝的就是八珍啊。所以的话呢，也算是我们老祖宗传承的古方，专门针对于我们的脾宝胃宝健康方面的。

00:09:28家里的小朋友如果说脾饱胃饱比较差，运化能力比较弱，平时吃完饭之后容易积某某食，消什么化不太行，包括说的小朋友的话，如果说上大号比较费劲的，都是可以给他选择到就是我们家一号链接八珍了。

最终鉴别结果：
1. 最终结果：0 

2. 违法表现：
   - 产品宣传中提到“养护脾宝和胃宝的健康，从根源上解决脾虚胃弱的问题”，可能涉及疾病预防、治疗功能。
   - 产品宣传中提到“改善消化能力和运化能力，减少积食现象，帮助解决小朋友的大便问题”，可能涉及疾病预防、治疗功能。
   - 产品宣传中提到“提供了一种不同于西药的东方健康养护方案，使用明朝陈时宫的古方，具有300年历史”，可能暗示产品具有医疗效果。

3. 违法依据：
   - 《广告法》第十八条：保健食品广告不得含有涉及疾病预防、治疗功能的内容。
   - 《广告法》第十六条：医疗、药品、医疗器械广告不得含有涉及疾病预防、治疗功能的内容。
   - 《食品安全法》第十八条：保健食品广告不得含有涉及疾病预防、治疗功能的内容。
   - 《广告法》第二十八条：广告以虚假或者引人误解的内容欺骗、误导消费者，构成虚假广告。
   - 《食品安全法》第二十八条：广告以虚假或者引人误解的内容欺骗、误导消费者，构成虚假广告。

当前违法数量为：
4
################################################################################
#######################################第5个#################################################
待鉴别输入：
广告名称：希芸黑糖桂圆姜茶固体饮料
广告类别：饮料
涉嫌违法内容：0：49：30，黑糖姜茶的话，宝贝来主播给你介绍一下，如果说咱们是呃手脚冰冷了，然后平常呢，如果说咱们是呃会痛经的宝贝呢，还有说咱们有时候咱们感觉到就是身体有点寒冷的宝贝，经常感冒的宝贝呢，都可以喝到这款黑糖姜茶....所以说对于女孩子来说的话呢，补气补血就可以喝到我们这款黑糖姜茶....不仅是我们改善这个身体的呃就是不仅改善我们女生手脚冰冷的一个体质，然后对于痛经效果方面也是非常非常明显的。如果说你们来姨妈了，哎，咱们那咱们就是肚子有点痛痛了怎么办呢？就可以在那个就可以泡一杯，泡一杯黑糖姜糖就可以了....喝完之后你会感觉整个身体暖暖的，对而且你会感觉到肚肚没有那么痛了。对因为这款产品的话呢，我们自己都有在喝，主播每天直播的话，气血是有点不足的，但是你喝黑糖的话，你会感觉到整个身体宝贝们回流了，而且你会感觉到气血很充足哦.....

最终鉴别结果：
1. 最终结果：0 

2. 违法表现：该产品宣传中涉及疾病预防、治疗功能，具体表现为宣称能够改善女性手脚冰冷、缓解痛经、提升气血，这些功能涉及疾病预防和治疗。 

3. 违法依据：
        - 《广告法》第十八条：保健食品广告不得含有涉及疾病预防、治疗功能的内容。
        - 《食品安全法》第十八条：保健食品广告不得含有涉及疾病预防、治疗功能的内容。
        - 《广告法》第十七条：除医疗、药品、医疗器械广告外，禁止其他任何广告涉及疾病治疗功能。

当前违法数量为：
5
################################################################################
#######################################第6个#################################################
待鉴别输入：
广告名称：迪巧小黄条液体钙
广告类别：其他普通食品
涉嫌违法内容：00:34:10  但是如果你是新手妈妈或者是家里的孩子有这种情况的话，我想问一下大家有没有孩子晚上睡觉容易抽的，容易抽一抽的，是这样是磨牙的，很多孩子睡觉都磨牙，但是妈妈不知道到底什么情况，对不对。还有一个起来一身汗的，包括你家的孩子都上四五年级了，排队往前排，座位往前排，那说明什么？咱们这个按梯形来排，是不是这样排下来的？还有一个就是腿型xo型的，所以今天钙的补给太关键了，是不是每一个妈妈在选择，是更多的妈妈都在选择，……00:49:25 所以呢，后天需要努力，后天努力可以占百分之30，也就是说空间如果你选的对，孩子真的是可以弯道超车，我非常骄傲的说，我小朋友现在都是在班里面。从矮到高排他都是排最后一个，两个都是，你可以看我的视频看看我们毕业典礼，同班的都没他这样子，盖比的毕业典礼，为什么呢？因为我老婆很担心他们，像我嘛，每天让他吃钙，每天让他吃钙，吃的就是那个迪巧迪巧，为什么能够让我老婆安心的去选择呢？这也是很多妈妈我们都说为人父母才知父母不易，给孩子选择要不要精挑细选要的跟着大部分妈妈的选择不会有错

最终鉴别结果：
1. 最终结果：0

2. 违法表现：产品声称帮助儿童改善睡眠质量（如减少磨牙、改善出汗情况），促进生长发育（如改善腿型），以及提高学习表现（如帮助孩子“弯道超车”）。

3. 违法依据：
   - 《广告法》第十八条：保健食品广告不得含有表示功效、安全性的断言或者保证，涉及疾病预防、治疗功能等内容。
   - 《广告法》第十六条：医疗、药品、医疗器械广告不得含有表示功效、安全性的断言或者保证，以及其他与药品、医疗器械的功效和安全性比较的内容。
   - 《食品安全法》第十八条：保健食品广告不得含有表示功效、安全性的断言或者保证，涉及疾病预防、治疗功能等内容。
   - 《食品安全法》第十六条：医疗、药品、医疗器械广告不得含有表示功效、安全性的断言或者保证，以及其他与药品、医疗器械的功效和安全性比较的内容。

产品名称：迪巧小黄条液体钙 
产品类别：其他普通食品、儿童营养补充品 
在何方面起何作用：主要用于儿童的钙补充，旨在帮助儿童改善睡眠质量（如减少磨牙、改善出汗情况），促进生长发育（如改善腿型），以及提高学习表现（如帮助孩子“弯道超车”）。 
关键词：钙补充、儿童、睡眠质量、磨牙、出汗、腿型、生长发育、学习表现、迪巧、小黄条液体钙、妈妈选择、精挑细选、弯道超车、后天努力

当前违法数量为：
6
################################################################################
#######################################第7个#################################################
待鉴别输入：
广告名称：五个女博士胶原蛋白肽维C饮
广告类别：其他普通食品
涉嫌违法内容：00：00：29今天所有的人买的你不是一瓶普普通通的胶原蛋白肽饮，你买的是目前国内中国销售第一名的胶原蛋白肽饮....01：00：54 看一下我们的同事们，我同事因为她是干电商的，这是我们一位同事干电商的，今年多少岁来着，32岁，女儿六岁了，看一下女儿，女儿六岁了，然后她就做电商，又要带娃，有时候每天晚上加班回去还要带娃呢，所以你看她是不是有点凹陷，我有些比较严重，然法令纹比较严重，然后头发看起来也是比较有点有点稀疏，各方面都需要保养了。然后他是7月1号开始喝我们的2.0版本，你看现在是不是素颜，素颜，拿手摸一下，来看一下有没有粉底液，对对来手一下没有粉底吧吧，觉得是不是改变很大，非常不错吧。来看一下我们另外一位同事来，这位同事今年38岁，女儿五岁了，她是从去年的五月份开始喝，她喝1.0版本，喝到2.0版本，之前是这样子的， 就是可以说是整个人变化非常的大，是不是整个人都都变得状态好了很多很多是素颜吗？素颜啊，宝贝们，所以女生想要素颜喝出好状态，这就是你的素颜心机水...

最终鉴别结果：
1. 最终结果：1

2. 违法表现：无

3. 违法依据：无

当前违法数量为：
6
################################################################################
#######################################第8个#################################################
待鉴别输入：
广告名称：贝卡罗莱URD
广告类别：其他普通食品
涉嫌违法内容：00：17：55它真的能够让你越老越漂亮，这真的是一个能够让你越老越漂亮的产品。姐妹我们就不看我，看表妹，表妹是有变化的，大家都认识她，今天没化妆，纯素颜，我阿妹跟着我吃AKJ吃到现在，你们看下，这真的是我，我可以发誓袄，而且你看我还抱着小孩，那个时候是刚好生完小孩，小孩还抱在手上还不会走，应该只有六个月，这是我21岁的照片，真的是我，真的，以前又黑又红，能够看得出表妹去年又红，满脸痘，去年的表妹，表妹AKJ吃了有四个月左右，有四个月左右吧，四个月已经空瓶三瓶多了，中间有断过几天，反正大概四个月左右，姐妹你说没有变化是吧，宝贝我告诉你啊，那你真的是眼神不好，你知道为什么吗？表妹以前这里是断裂的，我跟大家讲一下表妹以前这里一根两根三根都是断裂的，她以前脸上是凹陷的，以前脸上是凹陷的，表妹就是越来越年轻了，你们去看一下之前，她就是越来越年轻了。

最终鉴别结果：
1. 最终结果：0 

2. 违法表现：该产品被声称能够改善肌肤状况，包括减少脸部凹陷、修复断裂的面部线条，以及改善肤色，使人看起来更加年轻和美丽。 

3. 违法依据：
   - 《广告法》第十六条：医疗、药品、医疗器械广告不得含有表示功效、安全性的断言或者保证的内容。该产品被声称具有改善肌肤状况的功能，属于对产品功效的断言或保证。
   - 《广告法》第二十八条：广告以虚假或者引人误解的内容欺骗、误导消费者，构成虚假广告。该产品广告中提及的“越老越漂亮”、“年轻化效果”等表述可能对消费者产生误导，构成虚假广告。
   - 《食品安全法》第十八条：保健食品广告不得含有表示功效、安全性的断言或者保证的内容。尽管该产品被归类为普通食品，但其宣传中涉及的改善肌肤状况等功能宣称，可能误导消费者认为其具有保健食品的功效。
   - 《广告法》第三十八条：广告代言人应当依据事实，符合本法和有关法律、行政法规规定，并不得为其未使用过的商品或者未接受过的服务作推荐、证明。如果广告中使用了未使用过该产品的代言人，则违反了此条法规。

当前违法数量为：
7
################################################################################
#######################################第9个#################################################
待鉴别输入：
广告名称：反重力胶囊
广告类别：其他普通食品
涉嫌违法内容：00：57：31然后她又买了又坚持吃，她跟我说吃完特别有用，她老公先发现的，说她的脸就好像回到了21岁她们俩刚认识的时候，然后说她全身也特别紧，全身上下紧紧的，我说真的假的，他送了我一瓶，我吃了，我跟你说太有用了，真的。其实吃第一瓶的时候我还没有觉得那么明显，因为吃那个时候是二二年嘛，你们有没有人跟我，呃，二二年看过我直播的有不？因为二二年的时候我是晚上直播到半夜两点半，直播特别久，播到两点半，然后到家，因为我是在公司直播，到家是三点，洗完澡呀，吃个饭呀，玩一会儿啊，都早上六点才睡觉，12点起来又直播，你想我34岁，每天早上六点睡觉，就睡六个小时，我脸特黄，就是那个反重力胶囊嘛，咱们这不有吃过的吗？然后呢，我吃完第一瓶，我就觉得还好吧，就好像心理心理作用啊，脸没那么黄了。01：00：10然后但是我吃完第二瓶，我一点不夸张，每一个进来我直播间都问我是不是镀了什么幼胎脸了，度了什么轮廓固定了，度了什么什么什么少女什么玩意儿的，说我的脸变化巨大。

最终鉴别结果：
1. 最终结果：0

2. 违法表现：
   - 产品被归类为医疗美容产品，但并未提供充分的证据证明其具有医疗效果。
   - 广告中提到“脸回21岁”、“全身紧”、“轮廓固定”、“少女感”等，可能暗示产品具有医疗美容效果，但未明确说明这些效果是基于科学依据还是主观感受。
   - 广告中使用了“心理作用”一词，暗示产品可能对消费者的心理状态产生影响，但未提供相关证据。

3. 违法依据：
   - 《广告法》第十六条：医疗、药品、医疗器械广告不得含有下列内容：（一）表示功效、安全性的断言或者保证；（二）说明治愈率或者有效率；（三）与其他药品、医疗器械的功效和安全性或者其他医疗机构比较；（四）利用广告代言人作推荐、证明；（五）法律、行政法规规定禁止的其他内容。
   - 《广告法》第十七条：除医疗、药品、医疗器械广告外，禁止其他任何广告涉及疾病治疗功能，并不得使用医疗用语或者易使推销的商品与药品、医疗器械相混淆的用语。
   - 《广告法》第十九条：广播电台、电视台、报刊音像出版单位、互联网信息服务提供者不得以介绍健康、养生知识等形式变相发布医疗、药品、医疗器械、保健食品广告。
   - 《食品安全法》第十八条：保健食品广告不得含有下列内容：（一）表示功效、安全性的断言或者保证；（二）涉及疾病预防、治疗功能；（三）声称或者暗示广告商品为保障健康所必需；（四）与药品、其他保健食品进行比较；（五）利用广告代言人作推荐、证明；（六）法律、行政法规规定禁止的其他内容。
   - 《食品安全法》第十六条：医疗、药品、医疗器械广告不得含有下列内容：（一）表示功效、安全性的断言或者保证；（二）说明治愈率或者有效率；（三）与其他药品、医疗器械的功效和安全性或者其他医疗机构比较；（四）利用广告代言人作推荐、证明；（五）法律、行政法规规定禁止的其他内容。

综上所述，广告内容存在多处违法表现，主要涉及医疗美容产品不得明示或暗示具有医疗效果的规定，以及广告内容不得涉及疾病预防、治疗功能和不得使用医疗用语的法律规定。

当前违法数量为：
8
################################################################################
#######################################第10个#################################################
待鉴别输入：
广告名称：瓜拉纳CLA共轭亚油酸甘油酯凝胶糖果
广告类别：其他普通食品
涉嫌违法内容：21：40我给你看一下，这个身材和颜值对人的冲击力有多大了。这个对身材的改变有多大了宝宝，来，先看一下这张照片，你自己看，一个四五十，一个20，啊，对不对，是的，这个是不是大妈，你自己说是的，是不是大妈，是不是大娘。是不是是阿姨就看着很，是不是姐，对，肯定是姐，是姐这个呢，小姐姐对小姑娘。小姑娘是不是美女也都没看到，就是美女。是吧，这个你看一下这个这个跟这个的改变有多大。腰真的太重要，是的，你这个腰你多多的，你那个腰一把一把的，别人你以为还在生二胎，因为你肚子里还有一个宝宝。明白吗？这个的话起步要半年以上，好吧，这个起步要半年以上，我们的肚肚丸跟我们推，推完全部不需要运动，全部不需要节食，全部都不需要，你说这不吃饭那不吃的，你就早上吃三粒，午饭吃三粒，肚肚丸是专门搞你的上半身，上半身腿腿丸专攻你的下半身。对，知道吗？来，这个是我们肚肚丸的一个效果，来继续真实啊，你真实案例可见效了，你们真的有用，真的有用啊。来继续。

看好了。

最终鉴别结果：
1. 最终结果：0 

2. 违法表现：该产品宣称可以改善身材，特别是腰部的线条，并且声称不需要配合运动或节食，涉及疾病预防、治疗功能和表示功效、安全性的断言或保证的内容。

3. 违法依据：
   - 《广告法》第十八条：保健食品广告不得含有表示功效、安全性的断言或者保证的内容。
   - 《广告法》第二十八条：广告以虚假或者引人误解的内容欺骗、误导消费者的，构成虚假广告。
   - 《广告法》第十七条：除医疗、药品、医疗器械广告外，禁止其他任何广告涉及疾病治疗功能，并不得使用医疗用语或者易使推销的商品与药品、医疗器械相混淆的用语。

当前违法数量为：
9
################################################################################
#######################################第11个#################################################
待鉴别输入：
广告名称：甘油二酯油凝胶糖果
广告类别：其他普通食品
涉嫌违法内容：00：39:腿腿丸的主要功效就是让你啊，首先你脂肪什么什么型的，一个那个腿再加上水肿型的，再加上是运动型的都有用，用血液，久坐久站的那个来姨妈那个堵啊干嘛的，坐姿不正确的，下巴内什肌全部有用，是的，全部有用，水肿型的，肌肉型的，代型的全有用，三三管齐下。三管齐下啊，我再说一遍，它非常神奇，它不是说让你，哎，今天让你漂亮个多少，漂亮多少的数字，不，它是让你的腿部的线条，腿部的这个轮廓，腿部那种有些人的腿大，大腿像那个胡萝卜。像大腿像大象，小腿像萝卜，对不对对，很难看的，很弯的很弯的，然后呢，很fat的，然后一抓一把的，它的话会让你的腿部线条会变得流畅哇，好看动啊，纤什么细知道吗？然后呢，这个产品有人反馈一个月大腿大腿七天有一些小腿，包括你的屁股包臀部，好吧，超级有用，这就是你的天菜。来，不说了，姐妹们，你信我就拍，不信就拉倒，就这么简单。因为这个产品我们昨天卖了多少？300家对不对，因为现在也只剩下300家，是的，我们总共666，总共666，你今天在直播间，你就今天拍好不好，你不要等到明天后天国庆再拍，没货没货啊，是的，因为这腿腿丸很难得的啊。来，先给大家看一下，这叫做女神腿。好，那你们看一下脸都没看到，就看是个美女是不是来脸都没看到，你看这身材，我的妈口水直流，口水直流，对不对？来，再给你看一下，姐妹们根本没有看到脸，根本没有看到脸，你看看这个腿，我的天呐，大长腿，性感腿啊，然后再给大家看一下姐妹们啊，好不好？来，你看一下。

好不好看？



最终鉴别结果：
1. 最终结果：0

2. 违法表现：该产品宣传中涉及疾病预防、治疗功能，如改善腿部线条、减少脂肪堆积、解决腿部不适等，这些宣传内容超出了普通食品的范畴，涉嫌违规。

3. 违法依据：
        - 《广告法》第十六条：医疗、药品、医疗器械广告不得含有下列内容：（一）表示功效、安全性的断言或者保证；（二）说明治愈率或者有效率；（三）与其他药品、医疗器械的功效和安全性或者其他医疗机构比较；（四）利用广告代言人作推荐、证明；（五）法律、行政法规规定禁止的其他内容。
        - 《食品安全法》第十八条：保健食品广告不得含有下列内容：（一）表示功效、安全性的断言或者保证；（二）涉及疾病预防、治疗功能；（三）声称或者暗示广告商品为保障健康所必需；（四）与药品、其他保健食品进行比较；（五）利用广告代言人作推荐、证明；（六）法律、行政法规规定禁止的其他内容。

当前违法数量为：
10
################################################################################
#######################################第12个#################################################
待鉴别输入：
广告名称：初夏荷欧洲蓝莓浓缩粉固体饮料
广告类别：冲饮食品
涉嫌违法内容：00：37：25姐妹们啊，所有姐妹啊，所有姐妹眼干的，眼干眼涩眼疲劳的，眼睛近某什么视的，白那个内的，然后呢，都可以去喝，包括你，包括你有一些姐妹环境很重的，经常熬夜的啊，环境很重的经常熬夜的，然后呢衰某老很快的都可以，包括你有咽某喉某火的好吧，鼻某痘的啊，然后呢宝白周某王某火的，施某什么的，寻什么的，各种身体的火都可以，都可以。家里包括有ABCD的人都可以，ABC的人都可以啊。包括有些姐妹有结的，有姐妹有V啊，非常有些姐妹啊，有那个结的。有这个的有那个的，有这个的有那个的啊，都可以都可以宝宝啊，然后容易阿Q的，容易那个咳的都可以都可以啊，老人小孩免某不好的都可以，可以替代你的抗什么的效果好不好。这个花青素我告诉你是我们客单价智能高的，但是你想想看，我们卖这么多年好不好，我们卖这么多年。都要干嘛，都要买，像卖了这么多年，姐妹都要喊着要，就因为它太见效了，太见效了，姐妹们好不好，蓝莓花青素没喝过的，我跟你讲，我跟你讲，有些人喝四年了，身体的ABCD都好多了，是的啊，有些人喝了四年了，皮肤身体的这高那高那什么的都OK，很多了，都没问题。对，而且有些姐妹，包括眼睛有近某什么视的，喝了这么多年，眼睛的近什么。（主播在直播中比出了向下的手势）懂了吧，对的，然后包括眼睛很干的，眼睛也很涩的，我跟你讲，自从喝了花青素，我最近眼药水都不怎么滴了，无眼药水都没怎么滴了，我喝了这么多年，我的眼睛啊，我的眼睛是做了近视手术，做了三年了，做了三年了啊，做了三年了，然后我的眼睛依旧清亮，我的眼睛依旧的没有近视，我周一的时候我去做了一下眼睛的复查，没有近视。没有近视。

最终鉴别结果：
1. 最终结果：0

2. 违法表现：该产品宣传中涉及疾病预防、治疗功能，声称可以替代药物，具有多种健康益处，包括缓解眼干、眼涩、眼疲劳，改善视力问题，缓解咽痛、喉咙上火，改善皮肤状况，以及具有抗衰老、降火和抗炎的作用。此外，还被声称可以替代药物，提高免疫力，改善睡眠质量，改善身体炎症，促进皮肤健康，改善视力问题，预防感冒，以及改善呼吸系统健康。

3. 违法依据：
   - 《广告法》第十六条：医疗、药品、医疗器械广告不得含有下列内容：（一）表示功效、安全性的断言或者保证；（二）说明治愈率或者有效率；（三）与其他药品、医疗器械的功效和安全性或者其他医疗机构比较；（四）利用广告代言人作推荐、证明；（五）法律、行政法规规定禁止的其他内容。
   - 《广告法》第十八条：保健食品广告不得含有下列内容：（一）表示功效、安全性的断言或者保证；（二）涉及疾病预防、治疗功能；（三）声称或者暗示广告商品为保障健康所必需；（四）与药品、其他保健食品进行比较；（五）利用广告代言人作推荐、证明；（六）法律、行政法规规定禁止的其他内容。保健食品广告应当显著标明“本品不能代替药物”。
   - 《广告法》第二十八条：广告以虚假或者引人误解的内容欺骗、误导消费者的，构成虚假广告。广告有下列情形之一的，为虚假广告：（一）商品或者服务不存在的；（二）商品的性能、功能、产地、用途、质量、规格、成分、价格、生产者、有效期限、销售状况、曾获荣誉等信息，或者服务的内容、提供者、形式、质量、价格、销售状况、曾获荣誉等信息，以及与商品或者服务有关的允诺等信息与实际情况不符，对购买行为有实质性影响的；（三）使用虚构、伪造或者无法验证的科研成果、统计资料、调查结果、文摘、引用语等信息作证明材料的；（四）虚构使用商品或者接受服务的效果的；（五）以虚假或者引人误解的内容欺骗、误导消费者的其他情形。
   - 《食品安全法》第十八条：保健食品广告不得含有下列内容：（一）表示功效、安全性的断言或者保证；（二）涉及疾病预防、治疗功能；（三）声称或者暗示广告商品为保障健康所必需；（四）与药品、其他保健食品进行比较；（五）利用广告代言人作推荐、证明；（六）法律、行政法规规定禁止的其他内容。保健食品广告应当显著标明“本品不能代替药物”。
   - 《食品安全法》第二十八条：广告以虚假或者引人误解的内容欺骗、误导消费者的，构成虚假广告。广告有下列情形之一的，为虚假广告：（一）商品或者服务不存在的；（二）商品的性能、功能、产地、用途、质量、规格、成分、价格、生产者、有效期限、销售状况、曾获荣誉等信息，或者服务的内容、提供者、形式、质量、价格、销售状况、曾获荣誉等信息，以及与商品或者服务有关的允诺等信息与实际情况不符，对购买行为有实质性影响的；（三）使用虚构、伪造或者无法验证的科研成果、统计资料、调查结果、文摘、引用语等信息作证明材料的；（四）虚构使用商品或者接受服务的效果的；（五）以虚假或者引人误解的内容欺骗、误导消费者的其他情形。
   - 《食品安全法》第十六条：医疗、药品、医疗器械广告不得含有下列内容：（一）表示功效、安全性的断言或者保证；（二）说明治愈率或者有效率；（三）与其他药品、医疗器械的功效和安全性或者其他医疗机构比较；（四）利用广告代言人作推荐、证明；（五）法律、行政法规规定禁止的其他内容。药品广告的内容不得与国务院药品监督管理部门批准的说明书不一致，并应当显著标明禁忌、不良反应。处方药广告应当显著标明“本广告仅供医学药学专业人士阅读”，非处方药广告应当显著标明“请按药品说明书或者在药师指导下购买和使用”。推荐给个人自用的医疗器械的广告，应当显著标明“请仔细阅读产品说明书或者在医务人员的指导下购买和使用”。医疗器械产品注册证明文件中有禁忌内容、注意事项的，广告中应当显著标明“禁忌内容或者注意事项详见说明书”。
   - 《食品安全法》第二十一条：农药、兽药、饲料和饲料添加剂广告不得含有下列内容：（一）表示功效、安全性的断言或者保证；（二）利用科研单位、学术机构、技术推广机构、行业协会或者专业人士、用户的名义或者形象作推荐、证明；（三）说明有效率；（四）违反安全使用规程的文字、语言或者画面；（五）法律、行政法规规定禁止的其他内容。
   - 《食品安全法》第二十七条：农作物种子、林木种子、草种子、种畜禽、水产苗种和种养殖广告关于品种名称、生产性能、生长量或者产量、品质、抗性、特殊使用价值、经济价值、适宜种植或者养殖的范围和条件等方面的表述应当真实、清楚、明白，并不得含有下列内容：（一）作科学上无法验证的断言；（二）表示功效的断言或者保证；（三）对经济效益进行分析、预测或者作保证性承诺；（四）利用科研单位、学术机构、技术推广机构、行业协会或者专业人士、用户的名义或者形象作推荐、证明。
   - 《食品安全法》第九条：广告不得有下列情形：（一）使用或者变相使用中华人民共和国的国旗、国歌、国徽，军旗、军歌、军徽；（二）使用或者变相使用国家机关、国家机关工作人员的名义或者形象；（三）使用“国家级”、“最高级”、“最佳”等用语；（四）损害国家的尊严或者利益，泄露国家秘密；（五）妨碍社会安定，损害社会公共利益；（六）危害人身、财产安全，泄露个人隐私；（七）妨碍社会公共秩序或者违背社会良好风尚；（八）含有淫秽、色情、赌博、迷信、恐怖、暴力的内容；（九）含有民族、种族、宗教、性别歧视的内容；（十）妨碍环境、自然资源或者文化遗产保护；（十一）法律、行政法规规定禁止的其他情形。
   - 《食品安全法》第四十条：在针对未成年人的大众传播媒介上不得发布医疗、药品、保健食品、医疗器械、化妆品、酒类、美容广告，以及不利于未成年人身心健康的网络游戏广告。针对不满十四周岁的未成年人的商品或者服务的广告不得含有下列内容：（一）劝诱其要求家长购买广告商品或者服务；（二）可能引发其模仿不安全行为。
   - 《食品安全法》第二十三条：酒类广告不得含有下列内容：（一）诱导、怂恿饮酒或者宣传无节制饮酒；（二）出现饮酒的动作；（三）表现驾驶车、船、飞机等活动；（四）明示或者暗示饮酒有消除紧张和焦虑、增加体力等功效。
   - 《食品安全法》第六十八条：广告主、广告经营者、广告发布者违反本法规定，有下列侵权行为之一的，依法承担民事责任：（一）在广告中损害未成年人或者残疾人的身心健康的；（二）假冒他人专利的；（三）贬低其他生产经营者的商品、服务的；（四）在广告中未经同意使用他人名义或者形象的；（五）其他侵犯他人合法民事权益的。
   - 《食品安全法》第八条：广告中对商品的性能、功能、产地、用途、质量、成分、价格、生产者、有效期限、允诺等或者对服务的内容、提供者、形式、质量、价格、允诺等有表示的，应当准确、清楚、明白。广告中表明推销的商品或者服务附带赠送的，应当明示所附带赠送商品或者服务的品种、规格、数量、期限和方式。法律、行政法规规定广告中应当明示的内容，应当显著、清晰表示。

当前违法数量为：
11
################################################################################
#######################################第13个#################################################
待鉴别输入：
广告名称：lipoic acid白晶活性贵妇麦角硫因白番茄硫辛酸饮
广告类别：饮料
涉嫌违法内容：00：43：25知道吗？我跟你讲，这个白晶饮见效了，真的，我没有见过比它更见效的，没有比它，我没有见过比它更见效的。姐妹们，我们家这个白金饮，你只要买了它，你只要喝了它，你只要坚持去喝，每天睡前三袋，每天睡前三袋，你喝完那效果你都不敢信，都不敢信，逆那个天，改那个命，回那个光，返那个照，真的你都不敢信，真的。宝贝们，它会让你白成一道光，白成一道光，姐妹们。我们的白金饮我告诉你听好了，无论你什么原因造成的黑。天生黑，熬夜黑，晒黑，基因黑，暗黄黑，它会让你晒不黑，晒不黄，晒不暗，它会可以三方面让你透亮，减少你的糖，减少你的氧，减少的光氧化。它是六边形战士，你明白六边形战士。你喝了它之后，我告诉你，你晒气的时候就算一点点，很快就会白回来。

最终鉴别结果：
1. 最终结果：0

2. 违法表现：产品宣传中涉及美白效果、见效快、逆天改命、透亮、减少糖化、减少氧化、六边形战士、白成一道光、晒不黑、晒不黄、晒不暗等表述。这些表述可能涉及对产品效果的夸大宣传，暗示产品具有超出普通美容产品的功效，可能误导消费者。

3. 违法依据：
   - 《广告法》第二十八条：广告以虚假或者引人误解的内容欺骗、误导消费者的，构成虚假广告。
   - 《广告法》第八条：广告中对商品的性能、功能、产地、用途、质量、成分、价格、生产者、有效期限、允诺等或者对服务的内容、提供者、形式、质量、价格、允诺等有表示的，应当准确、清楚、明白。
   - 《广告法》第十六条：医疗、药品、医疗器械广告不得含有下列内容：（一）表示功效、安全性的断言或者保证；（二）说明治愈率或者有效率；（三）与其他药品、医疗器械的功效和安全性或者其他医疗机构比较；（四）利用广告代言人作推荐、证明；（五）法律、行政法规规定禁止的其他内容。

这些表述可能违反了广告法中关于广告内容应当准确、真实、不夸大的规定，特别是涉及医疗、药品、医疗器械广告的特别规定。同时，这些表述可能暗示产品具有超出普通美容产品的功效，构成虚假或引人误解的商业宣传。

当前违法数量为：
12
################################################################################
#######################################第14个#################################################
待鉴别输入：
广告名称：概念180hgh反重力胶囊
广告类别：其他普通食品
涉嫌违法内容：40：35我给你看啊，因为你们每次看我的变化这么大，你都说肯定DO了肯定DO了，我跟你讲近三年我都没动任何光电，因为你说热玛、超炮你去做没有任何的肌肤就提到这来，你全做一遍就知道了，因为你在三年前全都感受过了，所有光电我都做过，说实话一般都没啥用。我跟说这个妈妈是四年前我带她在那个塞班玩的时候，你看这个颈纹，注意她的法令纹从鼻翼到嘴角看到没，鱼尾纹、抬头纹，眼皮也很松，这个是四年前噢，然后给你看看现在，就是五月六号，从过年开始大概吃了四五月吧，你看五月六号今年的噢，原相机没有美图没有磨皮，你看看她现在六十了，你看这个法令纹短不短，颈纹、抬头纹、眼皮紧没紧你自己说，对比的看看噢宝宝，这个之前这个现在是不是就是这样。因为很多人买了不相信，但是卖了两年来一直卖一直卖，不像别人什么火卖什么，因为卖不好，因为吃过的人发现没有用不再买了，咱为什么两年都不换，因为真的是口碑大家都在回购。

最终鉴别结果：
1. 最终结果：1

2. 违法表现：无

3. 违法依据：无

当前违法数量为：
12
################################################################################
#######################################第15个#################################################
待鉴别输入：
广告名称：MBB口腔喷雾
广告类别：其他普通食品
涉嫌违法内容：（02:59）  那像我们这款睡眠喷雾啊，因为它里面的成分给我们加的真的非常非常好，我们不仅仅有褪黑素，我们还有酪蛋白水解肽，还有五大天然提取物，还有维生素B，包括还有我们八大困困因子啊。我们这个酪蛋白水解肽是我们法国专专的成分，从母乳里提取出来的，像我们小宝宝为什么在妈妈怀里睡得这么香甜啊，就是因为我们有这个酪蛋白水解肽在的。 还有我们五道天然提取物啊，它可以让我们心情放松下来，静下来，我们才会睡得着，是不是啊？是的呀，你可以去市面上看看那些睡眠产品啊，它里面成分真的真的只是给你叫褪黑素而已，那只是为了让你睡得着，但是我们现在不仅仅要睡得着是不是啊，我们还要睡得快，睡得好，还要睡得持久和安稳，所以我们现在这个价格，这个福利真的真的不要再错过了，我们直接去充就好了好不好？但主播说的再多，都不如你自己去拍一单试试看是不是是。所以我们，嗯，跟我们主播一样，我整宿整宿睡不好觉的，包括我们经常入睡啊，非常困难的，我们睡眠质量比较差的，那作息不规律，我们睡得晚，醒的又早的有点动静，哎，咱们就醒了的第二天，我们整个人的精神状态，包括我们的面部状态也会变得越来越差，而且我们的肤色啊，也会变得很差，是不是啊，就容易产生熬夜肌啊，包括脸上暗黄沉淀都会变得越来越明显，那像白。 还有我们五道天然提取物啊，它可以让我们心情放松下来，静下来，我们才会睡得着，是不是啊？是的呀，你可以去市面上看看那些睡眠产品啊，它里面成分真的真的只是给你叫褪黑素而已，那只是为了让你睡得着，但是我们现在不仅仅要睡得着是不是啊，我们还要睡得快，睡得好，还要睡得持久和安稳，所以我们现在这个价格，这个福利真的真的不要再错过了，我们直接去充就好了好不好？但主播说的再多，都不如你自己去拍一单试试看是不是是。所以我们，嗯，跟我们主播一样，我整宿整宿睡不好觉的，包括我们经常入睡啊，非常困难的，我们睡眠质量比较差的，那作息不规律，我们睡得晚，醒的又早的有点动静，哎，咱们就醒了的第二天，我们整个人的精神状态，包括我们的面部状态也会变得越来越差，而且我们的肤色啊，也会变得很差，是不是啊，就容易产生熬夜肌啊，包括脸上暗黄沉淀都会变得越来越明显，那像白天咱们要上班上学。 像我们睡不着的家人们啊，包括我们还有经常要睡眠问题困扰的，那咱们天天睡不好觉，半夜醒来又想继续睡的，还睡不着，你还想要状态好，那我们真的真的需要去外源性的五和冲好不好需要对。而且我们这个啊，就针对于那些我们入睡啊比较困难的，包括我们入睡比较慢的。 一躺在床上就爱翻来覆去的胡思乱想的家人们啊，因为他不用你等半个小时甚至一个小时，我们睡前在舌下喷两到五下，五分钟进入状态好不好，而且不依不赖。（01:24:05） 那这款睡眠喷雾我们没有某一某赖在我们舌下喷两到五下，五分钟可以进入状态好不好？因为我们里面成分真的可以非常给力又安全。

最终鉴别结果：
1. 最终结果：0

2. 违法表现：该产品广告涉及疾病预防、治疗功能，声称具有改善睡眠质量、心情放松和改善精神状态及肤色的作用。

3. 违法依据：
   - 《广告法》第十八条：保健食品广告不得含有涉及疾病预防、治疗功能的内容。
   - 《广告法》第十六条：医疗、药品、医疗器械广告不得含有表示功效、安全性的断言或者保证的内容。
   - 《食品安全法》第十六条：医疗、药品、医疗器械广告不得含有表示功效、安全性的断言或者保证的内容。
   - 《食品安全法》第十八条：保健食品广告不得含有涉及疾病预防、治疗功能的内容。

当前违法数量为：
13
################################################################################
